Copyright 1986-2022 Xilinx, Inc. All Rights Reserved. Copyright 2022-2024 Advanced Micro Devices, Inc. All Rights Reserved.
---------------------------------------------------------------------------------------------------------------------------------------------
| Tool Version : Vivado v.2024.2 (lin64) Build 5239630 Fri Nov 08 22:34:34 MST 2024
| Date         : Mon Dec 23 17:05:27 2024
| Host         : iNOMAL running 64-bit Fedora Linux 41 (KDE Plasma)
| Command      : report_control_sets -verbose -file pong3ds_control_sets_placed.rpt
| Design       : pong3ds
| Device       : xc7a100t
---------------------------------------------------------------------------------------------------------------------------------------------

Control Set Information

Table of Contents
-----------------
1. Summary
2. Histogram
3. Flip-Flop Distribution
4. Detailed Control Set Information

1. Summary
----------

+----------------------------------------------------------+-------+
|                          Status                          | Count |
+----------------------------------------------------------+-------+
| Total control sets                                       |     6 |
|    Minimum number of control sets                        |     6 |
|    Addition due to synthesis replication                 |     0 |
|    Addition due to physical synthesis replication        |     0 |
| Unused register locations in slices containing registers |    19 |
+----------------------------------------------------------+-------+
* Control sets can be merged at opt_design using control_set_merge or merge_equivalent_drivers
** Run report_qor_suggestions for automated merging and remapping suggestions


2. Histogram
------------

+--------------------+-------+
|       Fanout       | Count |
+--------------------+-------+
| Total control sets |     6 |
| >= 0 to < 4        |     0 |
| >= 4 to < 6        |     0 |
| >= 6 to < 8        |     2 |
| >= 8 to < 10       |     3 |
| >= 10 to < 12      |     0 |
| >= 12 to < 14      |     0 |
| >= 14 to < 16      |     0 |
| >= 16              |     1 |
+--------------------+-------+
* Control sets can be remapped at either synth_design or opt_design


3. Flip-Flop Distribution
-------------------------

+--------------+-----------------------+------------------------+-----------------+--------------+
| Clock Enable | Synchronous Set/Reset | Asynchronous Set/Reset | Total Registers | Total Slices |
+--------------+-----------------------+------------------------+-----------------+--------------+
| No           | No                    | No                     |               9 |            7 |
| No           | No                    | Yes                    |               0 |            0 |
| No           | Yes                   | No                     |               9 |            4 |
| Yes          | No                    | No                     |               8 |            2 |
| Yes          | No                    | Yes                    |               0 |            0 |
| Yes          | Yes                   | No                     |              35 |           12 |
+--------------+-----------------------+------------------------+-----------------+--------------+


4. Detailed Control Set Information
-----------------------------------

+----------------+------------------------------------+-----------------------------------+------------------+----------------+--------------+
|  Clock Signal  |            Enable Signal           |          Set/Reset Signal         | Slice Load Count | Bel Load Count | Bels / Slice |
+----------------+------------------------------------+-----------------------------------+------------------+----------------+--------------+
|  clk_IBUF_BUFG | display_vga/h_pixel_ctr_next[9]    | display_vga/v_line_ctr[8]_i_1_n_0 |                3 |              7 |         2.33 |
|  clk_IBUF_BUFG | display_vga/h_pixel_ctr[9]_i_1_n_0 | rst_IBUF                          |                3 |              7 |         2.33 |
|  clk_IBUF_BUFG | game/paddle_y[9]_i_1_n_0           |                                   |                2 |              8 |         4.00 |
|  clk_IBUF_BUFG |                                    |                                   |                7 |              9 |         1.29 |
|  clk_IBUF_BUFG |                                    | rst_IBUF                          |                4 |              9 |         2.25 |
|  clk_IBUF_BUFG | display_vga/frame_start            | game/ball_y[10]_i_1_n_0           |                6 |             21 |         3.50 |
+----------------+------------------------------------+-----------------------------------+------------------+----------------+--------------+


