
*** Running vivado
    with args -log pong3ds.vdi -applog -m64 -product Vivado -messageDb vivado.pb -mode batch -source pong3ds.tcl -notrace


****** Vivado v2024.2 (64-bit)
  **** SW Build 5239630 on Fri Nov 08 22:34:34 MST 2024
  **** IP Build 5239520 on Sun Nov 10 16:12:51 MST 2024
  **** SharedData Build 5239561 on Fri Nov 08 14:39:27 MST 2024
  **** Start of session at: Sat Dec 21 02:45:32 2024
    ** Copyright 1986-2022 Xilinx, Inc. All Rights Reserved.
    ** Copyright 2022-2024 Advanced Micro Devices, Inc. All Rights Reserved.

source pong3ds.tcl -notrace
create_project: Time (s): cpu = 00:00:08 ; elapsed = 00:00:08 . Memory (MB): peak = 1745.750 ; gain = 52.836 ; free physical = 1610 ; free virtual = 7094
Command: link_design -top pong3ds -part xc7a100tcsg324-1
Design is defaulting to srcset: sources_1
Design is defaulting to constrset: constrs_1
INFO: [Device 21-403] Loading part xc7a100tcsg324-1
Netlist sorting complete. Time (s): cpu = 00:00:00 ; elapsed = 00:00:00 . Memory (MB): peak = 1944.820 ; gain = 0.000 ; free physical = 1419 ; free virtual = 6902
INFO: [Netlist 29-17] Analyzing 28 Unisim elements for replacement
INFO: [Netlist 29-28] Unisim Transformation completed in 0 CPU seconds
INFO: [Project 1-479] Netlist was created with Vivado 2024.2
INFO: [Project 1-570] Preparing netlist for logic optimization
Parsing XDC File [/home/inomal/projects/xilinx/pong-3ds/pong-3ds.srcs/constrs_1/new/cstr.xdc]
Finished Parsing XDC File [/home/inomal/projects/xilinx/pong-3ds/pong-3ds.srcs/constrs_1/new/cstr.xdc]
INFO: [Opt 31-138] Pushed 0 inverter(s) to 0 load pin(s).
Netlist sorting complete. Time (s): cpu = 00:00:00 ; elapsed = 00:00:00 . Memory (MB): peak = 2163.379 ; gain = 0.000 ; free physical = 1321 ; free virtual = 6804
INFO: [Project 1-111] Unisim Transformation Summary:
No Unisim elements were transformed.

7 Infos, 0 Warnings, 0 Critical Warnings and 0 Errors encountered.
link_design completed successfully
Command: opt_design
Attempting to get a license for feature 'Implementation' and/or device 'xc7a100t'
INFO: [Common 17-349] Got license for feature 'Implementation' and/or device 'xc7a100t'
Running DRC as a precondition to command opt_design

Starting DRC Task
INFO: [DRC 23-27] Running DRC with 8 threads
INFO: [Project 1-461] DRC finished with 0 Errors
INFO: [Project 1-462] Please refer to the DRC report (report_drc) for more information.

Time (s): cpu = 00:00:03 ; elapsed = 00:00:00.66 . Memory (MB): peak = 2248.520 ; gain = 81.172 ; free physical = 1264 ; free virtual = 6747

Starting Cache Timing Information Task
INFO: [Timing 38-35] Done setting XDC timing constraints.
Ending Cache Timing Information Task | Checksum: 3162ebced

Time (s): cpu = 00:00:06 ; elapsed = 00:00:06 . Memory (MB): peak = 2705.348 ; gain = 456.828 ; free physical = 863 ; free virtual = 6347

Starting Logic Optimization Task

Phase 1 Initialization

Phase 1.1 Core Generation And Design Setup
Phase 1.1 Core Generation And Design Setup | Checksum: 3162ebced

Time (s): cpu = 00:00:00 ; elapsed = 00:00:00 . Memory (MB): peak = 3039.270 ; gain = 0.000 ; free physical = 518 ; free virtual = 6002

Phase 1.2 Setup Constraints And Sort Netlist
Phase 1.2 Setup Constraints And Sort Netlist | Checksum: 3162ebced

Time (s): cpu = 00:00:00 ; elapsed = 00:00:00.01 . Memory (MB): peak = 3039.270 ; gain = 0.000 ; free physical = 518 ; free virtual = 6002
Phase 1 Initialization | Checksum: 3162ebced

Time (s): cpu = 00:00:00 ; elapsed = 00:00:00.01 . Memory (MB): peak = 3039.270 ; gain = 0.000 ; free physical = 518 ; free virtual = 6002

Phase 2 Timer Update And Timing Data Collection

Phase 2.1 Timer Update
Phase 2.1 Timer Update | Checksum: 3162ebced

Time (s): cpu = 00:00:00.02 ; elapsed = 00:00:00.01 . Memory (MB): peak = 3039.270 ; gain = 0.000 ; free physical = 518 ; free virtual = 6002

Phase 2.2 Timing Data Collection
Phase 2.2 Timing Data Collection | Checksum: 3162ebced

Time (s): cpu = 00:00:00.02 ; elapsed = 00:00:00.02 . Memory (MB): peak = 3039.270 ; gain = 0.000 ; free physical = 518 ; free virtual = 6002
Phase 2 Timer Update And Timing Data Collection | Checksum: 3162ebced

Time (s): cpu = 00:00:00.02 ; elapsed = 00:00:00.02 . Memory (MB): peak = 3039.270 ; gain = 0.000 ; free physical = 518 ; free virtual = 6002

Phase 3 Retarget
INFO: [Opt 31-1851] Number of loadless carry chains removed were: 0
INFO: [Opt 31-1834] Total Chains To Be Transformed Were: 0 AND Number of Transformed insts Created are: 0
INFO: [Opt 31-1566] Pulled 1 inverters resulting in an inversion of 3 pins
INFO: [Opt 31-138] Pushed 0 inverter(s) to 0 load pin(s).
INFO: [Opt 31-49] Retargeted 0 cell(s).
Phase 3 Retarget | Checksum: 2ffccfea5

Time (s): cpu = 00:00:00.03 ; elapsed = 00:00:00.03 . Memory (MB): peak = 3039.270 ; gain = 0.000 ; free physical = 518 ; free virtual = 6002
Retarget | Checksum: 2ffccfea5
INFO: [Opt 31-389] Phase Retarget created 0 cells and removed 1 cells

Phase 4 Constant propagation
INFO: [Opt 31-138] Pushed 0 inverter(s) to 0 load pin(s).
Phase 4 Constant propagation | Checksum: 32edd22d8

Time (s): cpu = 00:00:00.04 ; elapsed = 00:00:00.03 . Memory (MB): peak = 3039.270 ; gain = 0.000 ; free physical = 518 ; free virtual = 6002
Constant propagation | Checksum: 32edd22d8
INFO: [Opt 31-389] Phase Constant propagation created 0 cells and removed 0 cells

Phase 5 Sweep
INFO: [Constraints 18-11670] Building netlist checker database with flags, 0x8
Done building netlist checker database: Time (s): cpu = 00:00:00 ; elapsed = 00:00:00 . Memory (MB): peak = 3039.270 ; gain = 0.000 ; free physical = 518 ; free virtual = 6002
Phase 5 Sweep | Checksum: 29785e5b7

Time (s): cpu = 00:00:00.04 ; elapsed = 00:00:00.04 . Memory (MB): peak = 3039.270 ; gain = 0.000 ; free physical = 518 ; free virtual = 6002
Sweep | Checksum: 29785e5b7
INFO: [Opt 31-389] Phase Sweep created 0 cells and removed 0 cells

Phase 6 BUFG optimization
Phase 6 BUFG optimization | Checksum: 29785e5b7

Time (s): cpu = 00:00:00.05 ; elapsed = 00:00:00.05 . Memory (MB): peak = 3071.285 ; gain = 32.016 ; free physical = 518 ; free virtual = 6002
BUFG optimization | Checksum: 29785e5b7
INFO: [Opt 31-662] Phase BUFG optimization created 0 cells of which 0 are BUFGs and removed 0 cells.

Phase 7 Shift Register Optimization
INFO: [Opt 31-1064] SRL Remap converted 0 SRLs to 0 registers and converted 0 registers of register chains to 0 SRLs
Phase 7 Shift Register Optimization | Checksum: 29785e5b7

Time (s): cpu = 00:00:00.05 ; elapsed = 00:00:00.05 . Memory (MB): peak = 3071.285 ; gain = 32.016 ; free physical = 518 ; free virtual = 6002
Shift Register Optimization | Checksum: 29785e5b7
INFO: [Opt 31-389] Phase Shift Register Optimization created 0 cells and removed 0 cells

Phase 8 Post Processing Netlist
Phase 8 Post Processing Netlist | Checksum: 29785e5b7

Time (s): cpu = 00:00:00.05 ; elapsed = 00:00:00.05 . Memory (MB): peak = 3071.285 ; gain = 32.016 ; free physical = 518 ; free virtual = 6002
Post Processing Netlist | Checksum: 29785e5b7
INFO: [Opt 31-389] Phase Post Processing Netlist created 0 cells and removed 0 cells

Phase 9 Finalization

Phase 9.1 Finalizing Design Cores and Updating Shapes
Phase 9.1 Finalizing Design Cores and Updating Shapes | Checksum: 30875acbe

Time (s): cpu = 00:00:00.06 ; elapsed = 00:00:00.06 . Memory (MB): peak = 3071.285 ; gain = 32.016 ; free physical = 518 ; free virtual = 6002

Phase 9.2 Verifying Netlist Connectivity

Starting Connectivity Check Task

Time (s): cpu = 00:00:00 ; elapsed = 00:00:00 . Memory (MB): peak = 3071.285 ; gain = 0.000 ; free physical = 518 ; free virtual = 6002
Phase 9.2 Verifying Netlist Connectivity | Checksum: 30875acbe

Time (s): cpu = 00:00:00.06 ; elapsed = 00:00:00.06 . Memory (MB): peak = 3071.285 ; gain = 32.016 ; free physical = 518 ; free virtual = 6002
Phase 9 Finalization | Checksum: 30875acbe

Time (s): cpu = 00:00:00.06 ; elapsed = 00:00:00.06 . Memory (MB): peak = 3071.285 ; gain = 32.016 ; free physical = 518 ; free virtual = 6002
Opt_design Change Summary
=========================


-------------------------------------------------------------------------------------------------------------------------
|  Phase                        |  #Cells created  |  #Cells Removed  |  #Constrained objects preventing optimizations  |
-------------------------------------------------------------------------------------------------------------------------
|  Retarget                     |               0  |               1  |                                              0  |
|  Constant propagation         |               0  |               0  |                                              0  |
|  Sweep                        |               0  |               0  |                                              0  |
|  BUFG optimization            |               0  |               0  |                                              0  |
|  Shift Register Optimization  |               0  |               0  |                                              0  |
|  Post Processing Netlist      |               0  |               0  |                                              0  |
-------------------------------------------------------------------------------------------------------------------------


Ending Logic Optimization Task | Checksum: 30875acbe

Time (s): cpu = 00:00:00.07 ; elapsed = 00:00:00.06 . Memory (MB): peak = 3071.285 ; gain = 32.016 ; free physical = 518 ; free virtual = 6002

Starting Power Optimization Task
INFO: [Pwropt 34-132] Skipping clock gating for clocks with a period < 2.00 ns.
Ending Power Optimization Task | Checksum: 30875acbe

Time (s): cpu = 00:00:00 ; elapsed = 00:00:00.01 . Memory (MB): peak = 3071.285 ; gain = 0.000 ; free physical = 518 ; free virtual = 6002

Starting Final Cleanup Task
Ending Final Cleanup Task | Checksum: 30875acbe

Time (s): cpu = 00:00:00 ; elapsed = 00:00:00 . Memory (MB): peak = 3071.285 ; gain = 0.000 ; free physical = 518 ; free virtual = 6002

Starting Netlist Obfuscation Task
Netlist sorting complete. Time (s): cpu = 00:00:00 ; elapsed = 00:00:00 . Memory (MB): peak = 3071.285 ; gain = 0.000 ; free physical = 518 ; free virtual = 6002
Ending Netlist Obfuscation Task | Checksum: 30875acbe

Time (s): cpu = 00:00:00 ; elapsed = 00:00:00 . Memory (MB): peak = 3071.285 ; gain = 0.000 ; free physical = 518 ; free virtual = 6002
INFO: [Common 17-83] Releasing license: Implementation
28 Infos, 0 Warnings, 0 Critical Warnings and 0 Errors encountered.
opt_design completed successfully
opt_design: Time (s): cpu = 00:00:11 ; elapsed = 00:00:09 . Memory (MB): peak = 3071.285 ; gain = 903.938 ; free physical = 518 ; free virtual = 6002
INFO: [Vivado 12-24828] Executing command : report_drc -file pong3ds_drc_opted.rpt -pb pong3ds_drc_opted.pb -rpx pong3ds_drc_opted.rpx
Command: report_drc -file pong3ds_drc_opted.rpt -pb pong3ds_drc_opted.pb -rpx pong3ds_drc_opted.rpx
INFO: [IP_Flow 19-234] Refreshing IP repositories
INFO: [IP_Flow 19-1704] No user IP repositories specified
INFO: [IP_Flow 19-2313] Loaded Vivado IP repository '/home/inomal/vitis-core/Vivado/2024.2/data/ip'.
INFO: [DRC 23-27] Running DRC with 8 threads
INFO: [Vivado_Tcl 2-168] The results of DRC are in file /home/inomal/projects/xilinx/pong-3ds/pong-3ds.runs/impl_1/pong3ds_drc_opted.rpt.
report_drc completed successfully
INFO: [Timing 38-480] Writing timing data to binary archive.
Write ShapeDB Complete: Time (s): cpu = 00:00:00 ; elapsed = 00:00:00 . Memory (MB): peak = 3071.285 ; gain = 0.000 ; free physical = 480 ; free virtual = 5964
Wrote PlaceDB: Time (s): cpu = 00:00:00 ; elapsed = 00:00:00 . Memory (MB): peak = 3071.285 ; gain = 0.000 ; free physical = 480 ; free virtual = 5964
Wrote PulsedLatchDB: Time (s): cpu = 00:00:00 ; elapsed = 00:00:00 . Memory (MB): peak = 3071.285 ; gain = 0.000 ; free physical = 480 ; free virtual = 5964
Writing XDEF routing.
Writing XDEF routing logical nets.
Writing XDEF routing special nets.
Wrote RouteStorage: Time (s): cpu = 00:00:00.06 ; elapsed = 00:00:00.02 . Memory (MB): peak = 3071.285 ; gain = 0.000 ; free physical = 480 ; free virtual = 5964
Wrote Netlist Cache: Time (s): cpu = 00:00:00 ; elapsed = 00:00:00 . Memory (MB): peak = 3071.285 ; gain = 0.000 ; free physical = 480 ; free virtual = 5964
Wrote Device Cache: Time (s): cpu = 00:00:00.01 ; elapsed = 00:00:00 . Memory (MB): peak = 3071.285 ; gain = 0.000 ; free physical = 480 ; free virtual = 5964
Write Physdb Complete: Time (s): cpu = 00:00:00.08 ; elapsed = 00:00:00.03 . Memory (MB): peak = 3071.285 ; gain = 0.000 ; free physical = 480 ; free virtual = 5964
INFO: [Common 17-1381] The checkpoint '/home/inomal/projects/xilinx/pong-3ds/pong-3ds.runs/impl_1/pong3ds_opt.dcp' has been generated.
Command: place_design
Attempting to get a license for feature 'Implementation' and/or device 'xc7a100t'
INFO: [Common 17-349] Got license for feature 'Implementation' and/or device 'xc7a100t'
INFO: [Common 17-83] Releasing license: Implementation
INFO: [DRC 23-27] Running DRC with 8 threads
INFO: [Vivado_Tcl 4-198] DRC finished with 0 Errors
INFO: [Vivado_Tcl 4-199] Please refer to the DRC report (report_drc) for more information.
Running DRC as a precondition to command place_design
INFO: [DRC 23-27] Running DRC with 8 threads
INFO: [Vivado_Tcl 4-198] DRC finished with 0 Errors
INFO: [Vivado_Tcl 4-199] Please refer to the DRC report (report_drc) for more information.
INFO: [Place 30-611] Multithreading enabled for place_design using a maximum of 8 CPUs

Starting Placer Task

Phase 1 Placer Initialization

Phase 1.1 Placer Initialization Netlist Sorting
Netlist sorting complete. Time (s): cpu = 00:00:00 ; elapsed = 00:00:00 . Memory (MB): peak = 3116.293 ; gain = 0.000 ; free physical = 423 ; free virtual = 5907
Phase 1.1 Placer Initialization Netlist Sorting | Checksum: 2307d9c93

Time (s): cpu = 00:00:00 ; elapsed = 00:00:00 . Memory (MB): peak = 3116.293 ; gain = 0.000 ; free physical = 423 ; free virtual = 5907
Netlist sorting complete. Time (s): cpu = 00:00:00 ; elapsed = 00:00:00 . Memory (MB): peak = 3116.293 ; gain = 0.000 ; free physical = 423 ; free virtual = 5907

Phase 1.2 IO Placement/ Clock Placement/ Build Placer Device
INFO: [Timing 38-35] Done setting XDC timing constraints.
Phase 1.2 IO Placement/ Clock Placement/ Build Placer Device | Checksum: 173caeaab

Time (s): cpu = 00:00:00.55 ; elapsed = 00:00:00.23 . Memory (MB): peak = 3116.293 ; gain = 0.000 ; free physical = 419 ; free virtual = 5903

Phase 1.3 Build Placer Netlist Model
Phase 1.3 Build Placer Netlist Model | Checksum: 18c60048c

Time (s): cpu = 00:00:01 ; elapsed = 00:00:00.38 . Memory (MB): peak = 3148.309 ; gain = 32.016 ; free physical = 419 ; free virtual = 5903

Phase 1.4 Constrain Clocks/Macros
Phase 1.4 Constrain Clocks/Macros | Checksum: 18c60048c

Time (s): cpu = 00:00:01 ; elapsed = 00:00:00.38 . Memory (MB): peak = 3148.309 ; gain = 32.016 ; free physical = 419 ; free virtual = 5903
Phase 1 Placer Initialization | Checksum: 18c60048c

Time (s): cpu = 00:00:01 ; elapsed = 00:00:00.39 . Memory (MB): peak = 3148.309 ; gain = 32.016 ; free physical = 419 ; free virtual = 5903

Phase 2 Global Placement

Phase 2.1 Floorplanning
Phase 2.1 Floorplanning | Checksum: 1ebc5f76c

Time (s): cpu = 00:00:02 ; elapsed = 00:00:00.45 . Memory (MB): peak = 3148.309 ; gain = 32.016 ; free physical = 418 ; free virtual = 5903

Phase 2.2 Update Timing before SLR Path Opt
Phase 2.2 Update Timing before SLR Path Opt | Checksum: 25032f746

Time (s): cpu = 00:00:02 ; elapsed = 00:00:00.48 . Memory (MB): peak = 3148.309 ; gain = 32.016 ; free physical = 418 ; free virtual = 5903

Phase 2.3 Post-Processing in Floorplanning
Phase 2.3 Post-Processing in Floorplanning | Checksum: 25032f746

Time (s): cpu = 00:00:02 ; elapsed = 00:00:00.48 . Memory (MB): peak = 3148.309 ; gain = 32.016 ; free physical = 418 ; free virtual = 5903

Phase 2.4 Global Place Phase1
Phase 2.4 Global Place Phase1 | Checksum: 1e06ee406

Time (s): cpu = 00:00:05 ; elapsed = 00:00:01 . Memory (MB): peak = 3156.312 ; gain = 40.020 ; free physical = 452 ; free virtual = 5936

Phase 2.5 Global Place Phase2

Phase 2.5.1 UpdateTiming Before Physical Synthesis
Phase 2.5.1 UpdateTiming Before Physical Synthesis | Checksum: 1e06ee406

Time (s): cpu = 00:00:05 ; elapsed = 00:00:01 . Memory (MB): peak = 3156.312 ; gain = 40.020 ; free physical = 452 ; free virtual = 5936

Phase 2.5.2 Physical Synthesis In Placer
INFO: [Physopt 32-1035] Found 0 LUTNM shape to break, 2 LUT instances to create LUTNM shape
INFO: [Physopt 32-1044] Break lutnm for timing: one critical 0, two critical 0, total 0, new lutff created 0
INFO: [Physopt 32-1138] End 1 Pass. Optimized 1 net or LUT. Breaked 0 LUT, combined 1 existing LUT and moved 0 existing LUT
INFO: [Physopt 32-65] No nets found for high-fanout optimization.
INFO: [Physopt 32-232] Optimized 0 net. Created 0 new instance.
INFO: [Physopt 32-775] End 1 Pass. Optimized 0 net or cell. Created 0 new cell, deleted 0 existing cell and moved 0 existing cell
INFO: [Physopt 32-670] No setup violation found.  DSP Register Optimization was not performed.
INFO: [Physopt 32-670] No setup violation found.  Shift Register to Pipeline Optimization was not performed.
INFO: [Physopt 32-670] No setup violation found.  Shift Register Optimization was not performed.
INFO: [Physopt 32-670] No setup violation found.  BRAM Register Optimization was not performed.
INFO: [Physopt 32-670] No setup violation found.  URAM Register Optimization was not performed.
INFO: [Physopt 32-949] No candidate nets found for dynamic/static region interface net replication
INFO: [Physopt 32-775] End 1 Pass. Optimized 0 net or cell. Created 0 new cell, deleted 0 existing cell and moved 0 existing cell
Netlist sorting complete. Time (s): cpu = 00:00:00 ; elapsed = 00:00:00 . Memory (MB): peak = 3156.312 ; gain = 0.000 ; free physical = 452 ; free virtual = 5936

Summary of Physical Synthesis Optimizations
============================================


-----------------------------------------------------------------------------------------------------------------------------------------------------------
|  Optimization                                     |  Added Cells  |  Removed Cells  |  Optimized Cells/Nets  |  Dont Touch  |  Iterations  |  Elapsed   |
-----------------------------------------------------------------------------------------------------------------------------------------------------------
|  LUT Combining                                    |            0  |              1  |                     1  |           0  |           1  |  00:00:00  |
|  Retime                                           |            0  |              0  |                     0  |           0  |           1  |  00:00:00  |
|  Very High Fanout                                 |            0  |              0  |                     0  |           0  |           1  |  00:00:00  |
|  DSP Register                                     |            0  |              0  |                     0  |           0  |           0  |  00:00:00  |
|  Shift Register to Pipeline                       |            0  |              0  |                     0  |           0  |           0  |  00:00:00  |
|  Shift Register                                   |            0  |              0  |                     0  |           0  |           0  |  00:00:00  |
|  BRAM Register                                    |            0  |              0  |                     0  |           0  |           0  |  00:00:00  |
|  URAM Register                                    |            0  |              0  |                     0  |           0  |           0  |  00:00:00  |
|  Dynamic/Static Region Interface Net Replication  |            0  |              0  |                     0  |           0  |           1  |  00:00:00  |
|  Total                                            |            0  |              1  |                     1  |           0  |           4  |  00:00:00  |
-----------------------------------------------------------------------------------------------------------------------------------------------------------


Phase 2.5.2 Physical Synthesis In Placer | Checksum: 2f08aaea8

Time (s): cpu = 00:00:06 ; elapsed = 00:00:02 . Memory (MB): peak = 3156.312 ; gain = 40.020 ; free physical = 452 ; free virtual = 5936
Phase 2.5 Global Place Phase2 | Checksum: 2789a25d1

Time (s): cpu = 00:00:06 ; elapsed = 00:00:02 . Memory (MB): peak = 3156.312 ; gain = 40.020 ; free physical = 452 ; free virtual = 5936
Phase 2 Global Placement | Checksum: 2789a25d1

Time (s): cpu = 00:00:06 ; elapsed = 00:00:02 . Memory (MB): peak = 3156.312 ; gain = 40.020 ; free physical = 452 ; free virtual = 5936

Phase 3 Detail Placement

Phase 3.1 Commit Multi Column Macros
Phase 3.1 Commit Multi Column Macros | Checksum: 2eaa38e8a

Time (s): cpu = 00:00:06 ; elapsed = 00:00:02 . Memory (MB): peak = 3156.312 ; gain = 40.020 ; free physical = 452 ; free virtual = 5936

Phase 3.2 Commit Most Macros & LUTRAMs
Phase 3.2 Commit Most Macros & LUTRAMs | Checksum: 2efc98613

Time (s): cpu = 00:00:07 ; elapsed = 00:00:02 . Memory (MB): peak = 3156.312 ; gain = 40.020 ; free physical = 452 ; free virtual = 5936

Phase 3.3 Area Swap Optimization
Phase 3.3 Area Swap Optimization | Checksum: 249b07242

Time (s): cpu = 00:00:07 ; elapsed = 00:00:02 . Memory (MB): peak = 3156.312 ; gain = 40.020 ; free physical = 452 ; free virtual = 5936

Phase 3.4 Pipeline Register Optimization
Phase 3.4 Pipeline Register Optimization | Checksum: 249b07242

Time (s): cpu = 00:00:07 ; elapsed = 00:00:02 . Memory (MB): peak = 3156.312 ; gain = 40.020 ; free physical = 452 ; free virtual = 5936

Phase 3.5 Small Shape Detail Placement
Phase 3.5 Small Shape Detail Placement | Checksum: 2fc581957

Time (s): cpu = 00:00:08 ; elapsed = 00:00:02 . Memory (MB): peak = 3156.312 ; gain = 40.020 ; free physical = 443 ; free virtual = 5928

Phase 3.6 Re-assign LUT pins
Phase 3.6 Re-assign LUT pins | Checksum: 3436bd70d

Time (s): cpu = 00:00:08 ; elapsed = 00:00:02 . Memory (MB): peak = 3156.312 ; gain = 40.020 ; free physical = 443 ; free virtual = 5927

Phase 3.7 Pipeline Register Optimization
Phase 3.7 Pipeline Register Optimization | Checksum: 3436bd70d

Time (s): cpu = 00:00:08 ; elapsed = 00:00:02 . Memory (MB): peak = 3156.312 ; gain = 40.020 ; free physical = 443 ; free virtual = 5927
Phase 3 Detail Placement | Checksum: 3436bd70d

Time (s): cpu = 00:00:08 ; elapsed = 00:00:02 . Memory (MB): peak = 3156.312 ; gain = 40.020 ; free physical = 443 ; free virtual = 5927

Phase 4 Post Placement Optimization and Clean-Up

Phase 4.1 Post Commit Optimization
INFO: [Timing 38-35] Done setting XDC timing constraints.

Phase 4.1.1 Post Placement Optimization
Post Placement Optimization Initialization | Checksum: 2a9e2eade

Phase 4.1.1.1 BUFG Insertion

Starting Physical Synthesis Task

Phase 1 Physical Synthesis Initialization
INFO: [Physopt 32-721] Multithreading enabled for phys_opt_design using a maximum of 8 CPUs
INFO: [Physopt 32-619] Estimated Timing Summary | WNS=5.275 | TNS=0.000 |
Phase 1 Physical Synthesis Initialization | Checksum: 21c6dd3de

Time (s): cpu = 00:00:00.05 ; elapsed = 00:00:00.03 . Memory (MB): peak = 3156.312 ; gain = 0.000 ; free physical = 424 ; free virtual = 5945
INFO: [Place 46-56] BUFG insertion identified 0 candidate nets. Inserted BUFG: 0, Replicated BUFG Driver: 0, Skipped due to Placement/Routing Conflicts: 0, Skipped due to Timing Degradation: 0, Skipped due to netlist editing failed: 0.
Ending Physical Synthesis Task | Checksum: 2e1f7e90b

Time (s): cpu = 00:00:00.06 ; elapsed = 00:00:00.04 . Memory (MB): peak = 3156.312 ; gain = 0.000 ; free physical = 423 ; free virtual = 5947
Phase 4.1.1.1 BUFG Insertion | Checksum: 2a9e2eade

Time (s): cpu = 00:00:09 ; elapsed = 00:00:02 . Memory (MB): peak = 3156.312 ; gain = 40.020 ; free physical = 423 ; free virtual = 5947

Phase 4.1.1.2 Post Placement Timing Optimization
INFO: [Place 30-746] Post Placement Timing Summary WNS=5.275. For the most accurate timing information please run report_timing.
Phase 4.1.1.2 Post Placement Timing Optimization | Checksum: 2f78b2b6e

Time (s): cpu = 00:00:09 ; elapsed = 00:00:02 . Memory (MB): peak = 3156.312 ; gain = 40.020 ; free physical = 422 ; free virtual = 5947

Time (s): cpu = 00:00:09 ; elapsed = 00:00:02 . Memory (MB): peak = 3156.312 ; gain = 40.020 ; free physical = 422 ; free virtual = 5947
Phase 4.1 Post Commit Optimization | Checksum: 2f78b2b6e

Time (s): cpu = 00:00:09 ; elapsed = 00:00:02 . Memory (MB): peak = 3156.312 ; gain = 40.020 ; free physical = 422 ; free virtual = 5947

Phase 4.2 Post Placement Cleanup
Phase 4.2 Post Placement Cleanup | Checksum: 2f78b2b6e

Time (s): cpu = 00:00:09 ; elapsed = 00:00:02 . Memory (MB): peak = 3156.312 ; gain = 40.020 ; free physical = 422 ; free virtual = 5947

Phase 4.3 Placer Reporting

Phase 4.3.1 Print Estimated Congestion
INFO: [Place 30-612] Post-Placement Estimated Congestion 
 ____________________________________________________
|           | Global Congestion | Short Congestion  |
| Direction | Region Size       | Region Size       |
|___________|___________________|___________________|
|      North|                1x1|                1x1|
|___________|___________________|___________________|
|      South|                1x1|                1x1|
|___________|___________________|___________________|
|       East|                1x1|                1x1|
|___________|___________________|___________________|
|       West|                1x1|                1x1|
|___________|___________________|___________________|

Phase 4.3.1 Print Estimated Congestion | Checksum: 2f78b2b6e

Time (s): cpu = 00:00:09 ; elapsed = 00:00:02 . Memory (MB): peak = 3156.312 ; gain = 40.020 ; free physical = 422 ; free virtual = 5947
Phase 4.3 Placer Reporting | Checksum: 2f78b2b6e

Time (s): cpu = 00:00:09 ; elapsed = 00:00:02 . Memory (MB): peak = 3156.312 ; gain = 40.020 ; free physical = 422 ; free virtual = 5947

Phase 4.4 Final Placement Cleanup
Netlist sorting complete. Time (s): cpu = 00:00:00 ; elapsed = 00:00:00 . Memory (MB): peak = 3156.312 ; gain = 0.000 ; free physical = 422 ; free virtual = 5947

Time (s): cpu = 00:00:09 ; elapsed = 00:00:02 . Memory (MB): peak = 3156.312 ; gain = 40.020 ; free physical = 422 ; free virtual = 5947
Phase 4 Post Placement Optimization and Clean-Up | Checksum: 2d4bc6ec4

Time (s): cpu = 00:00:09 ; elapsed = 00:00:02 . Memory (MB): peak = 3156.312 ; gain = 40.020 ; free physical = 422 ; free virtual = 5947
Ending Placer Task | Checksum: 1e7311c36

Time (s): cpu = 00:00:09 ; elapsed = 00:00:02 . Memory (MB): peak = 3156.312 ; gain = 40.020 ; free physical = 422 ; free virtual = 5947
65 Infos, 0 Warnings, 0 Critical Warnings and 0 Errors encountered.
place_design completed successfully
INFO: [Vivado 12-24838] Running report commands "report_control_sets, report_io, report_utilization" in parallel.
Running report generation with 3 threads.
INFO: [Vivado 12-24828] Executing command : report_control_sets -verbose -file pong3ds_control_sets_placed.rpt
report_control_sets: Time (s): cpu = 00:00:00.05 ; elapsed = 00:00:00.06 . Memory (MB): peak = 3156.312 ; gain = 0.000 ; free physical = 409 ; free virtual = 5934
INFO: [Vivado 12-24828] Executing command : report_utilization -file pong3ds_utilization_placed.rpt -pb pong3ds_utilization_placed.pb
INFO: [Vivado 12-24828] Executing command : report_io -file pong3ds_io_placed.rpt
report_io: Time (s): cpu = 00:00:00.19 ; elapsed = 00:00:00.18 . Memory (MB): peak = 3156.312 ; gain = 0.000 ; free physical = 393 ; free virtual = 5919
INFO: [Timing 38-480] Writing timing data to binary archive.
Write ShapeDB Complete: Time (s): cpu = 00:00:00 ; elapsed = 00:00:00 . Memory (MB): peak = 3156.312 ; gain = 0.000 ; free physical = 400 ; free virtual = 5925
Wrote PlaceDB: Time (s): cpu = 00:00:00.07 ; elapsed = 00:00:00.02 . Memory (MB): peak = 3156.312 ; gain = 0.000 ; free physical = 399 ; free virtual = 5925
Wrote PulsedLatchDB: Time (s): cpu = 00:00:00 ; elapsed = 00:00:00 . Memory (MB): peak = 3156.312 ; gain = 0.000 ; free physical = 399 ; free virtual = 5925
Writing XDEF routing.
Writing XDEF routing logical nets.
Writing XDEF routing special nets.
Wrote RouteStorage: Time (s): cpu = 00:00:00.03 ; elapsed = 00:00:00.02 . Memory (MB): peak = 3156.312 ; gain = 0.000 ; free physical = 399 ; free virtual = 5925
Wrote Netlist Cache: Time (s): cpu = 00:00:00 ; elapsed = 00:00:00 . Memory (MB): peak = 3156.312 ; gain = 0.000 ; free physical = 399 ; free virtual = 5925
Wrote Device Cache: Time (s): cpu = 00:00:00.03 ; elapsed = 00:00:00.02 . Memory (MB): peak = 3156.312 ; gain = 0.000 ; free physical = 399 ; free virtual = 5925
Write Physdb Complete: Time (s): cpu = 00:00:00.13 ; elapsed = 00:00:00.06 . Memory (MB): peak = 3156.312 ; gain = 0.000 ; free physical = 399 ; free virtual = 5925
INFO: [Common 17-1381] The checkpoint '/home/inomal/projects/xilinx/pong-3ds/pong-3ds.runs/impl_1/pong3ds_placed.dcp' has been generated.
Command: phys_opt_design
Attempting to get a license for feature 'Implementation' and/or device 'xc7a100t'
INFO: [Common 17-349] Got license for feature 'Implementation' and/or device 'xc7a100t'

Starting Initial Update Timing Task

Time (s): cpu = 00:00:00.04 ; elapsed = 00:00:00.04 . Memory (MB): peak = 3156.312 ; gain = 0.000 ; free physical = 391 ; free virtual = 5917
INFO: [Vivado_Tcl 4-2279] Estimated Timing Summary | WNS= 5.275 | TNS= 0.000 | 
INFO: [Vivado_Tcl 4-383] Design worst setup slack (WNS) is greater than or equal to 0.000 ns. All physical synthesis setup optimizations will be skipped.
INFO: [Vivado_Tcl 4-232] No setup violation found. The netlist was not modified.
INFO: [Common 17-83] Releasing license: Implementation
76 Infos, 0 Warnings, 0 Critical Warnings and 0 Errors encountered.
phys_opt_design completed successfully
INFO: [Timing 38-480] Writing timing data to binary archive.
Write ShapeDB Complete: Time (s): cpu = 00:00:00 ; elapsed = 00:00:00 . Memory (MB): peak = 3156.312 ; gain = 0.000 ; free physical = 391 ; free virtual = 5917
Wrote PlaceDB: Time (s): cpu = 00:00:00.05 ; elapsed = 00:00:00.02 . Memory (MB): peak = 3156.312 ; gain = 0.000 ; free physical = 391 ; free virtual = 5916
Wrote PulsedLatchDB: Time (s): cpu = 00:00:00 ; elapsed = 00:00:00 . Memory (MB): peak = 3156.312 ; gain = 0.000 ; free physical = 391 ; free virtual = 5916
Writing XDEF routing.
Writing XDEF routing logical nets.
Writing XDEF routing special nets.
Wrote RouteStorage: Time (s): cpu = 00:00:00.04 ; elapsed = 00:00:00.02 . Memory (MB): peak = 3156.312 ; gain = 0.000 ; free physical = 391 ; free virtual = 5917
Wrote Netlist Cache: Time (s): cpu = 00:00:00 ; elapsed = 00:00:00 . Memory (MB): peak = 3156.312 ; gain = 0.000 ; free physical = 391 ; free virtual = 5917
Wrote Device Cache: Time (s): cpu = 00:00:00.01 ; elapsed = 00:00:00.01 . Memory (MB): peak = 3156.312 ; gain = 0.000 ; free physical = 390 ; free virtual = 5917
Write Physdb Complete: Time (s): cpu = 00:00:00.11 ; elapsed = 00:00:00.05 . Memory (MB): peak = 3156.312 ; gain = 0.000 ; free physical = 390 ; free virtual = 5917
INFO: [Common 17-1381] The checkpoint '/home/inomal/projects/xilinx/pong-3ds/pong-3ds.runs/impl_1/pong3ds_physopt.dcp' has been generated.
Command: route_design
Attempting to get a license for feature 'Implementation' and/or device 'xc7a100t'
INFO: [Common 17-349] Got license for feature 'Implementation' and/or device 'xc7a100t'


Starting Routing Task
INFO: [Route 35-254] Multithreading enabled for route_design using a maximum of 8 CPUs

Phase 1 Build RT Design
Checksum: PlaceDB: b39ac795 ConstDB: 0 ShapeSum: 81c3f50b RouteDB: b1d25f96
Post Restoration Checksum: NetGraph: f0778b3b | NumContArr: 4e35b1fc | Constraints: c2a8fa9d | Timing: c2a8fa9d
Phase 1 Build RT Design | Checksum: 2c3ff3271

Time (s): cpu = 00:00:25 ; elapsed = 00:00:21 . Memory (MB): peak = 3277.711 ; gain = 121.398 ; free physical = 221 ; free virtual = 5748

Phase 2 Router Initialization

Phase 2.1 Fix Topology Constraints
Phase 2.1 Fix Topology Constraints | Checksum: 2c3ff3271

Time (s): cpu = 00:00:25 ; elapsed = 00:00:21 . Memory (MB): peak = 3277.711 ; gain = 121.398 ; free physical = 221 ; free virtual = 5748

Phase 2.2 Pre Route Cleanup
Phase 2.2 Pre Route Cleanup | Checksum: 2c3ff3271

Time (s): cpu = 00:00:25 ; elapsed = 00:00:21 . Memory (MB): peak = 3277.711 ; gain = 121.398 ; free physical = 221 ; free virtual = 5748
 Number of Nodes with overlaps = 0

Phase 2.3 Update Timing
Phase 2.3 Update Timing | Checksum: 23cffc73f

Time (s): cpu = 00:00:26 ; elapsed = 00:00:22 . Memory (MB): peak = 3307.914 ; gain = 151.602 ; free physical = 184 ; free virtual = 5711
INFO: [Route 35-416] Intermediate Timing Summary | WNS=5.237  | TNS=0.000  | WHS=-0.094 | THS=-1.305 |


Router Utilization Summary
  Global Vertical Routing Utilization    = 0 %
  Global Horizontal Routing Utilization  = 0 %
  Routable Net Status*
  *Does not include unroutable nets such as driverless and loadless.
  Run report_route_status for detailed report.
  Number of Failed Nets               = 153
    (Failed Nets is the sum of unrouted and partially routed nets)
  Number of Unrouted Nets             = 153
  Number of Partially Routed Nets     = 0
  Number of Node Overlaps             = 0

Phase 2 Router Initialization | Checksum: 296b20196

Time (s): cpu = 00:00:26 ; elapsed = 00:00:22 . Memory (MB): peak = 3311.227 ; gain = 154.914 ; free physical = 184 ; free virtual = 5711

Phase 3 Global Routing
Phase 3 Global Routing | Checksum: 296b20196

Time (s): cpu = 00:00:26 ; elapsed = 00:00:22 . Memory (MB): peak = 3311.227 ; gain = 154.914 ; free physical = 184 ; free virtual = 5711

Phase 4 Initial Routing

Phase 4.1 Initial Net Routing Pass
Phase 4.1 Initial Net Routing Pass | Checksum: 1e074836c

Time (s): cpu = 00:00:27 ; elapsed = 00:00:22 . Memory (MB): peak = 3311.227 ; gain = 154.914 ; free physical = 184 ; free virtual = 5711
Phase 4 Initial Routing | Checksum: 1e074836c

Time (s): cpu = 00:00:27 ; elapsed = 00:00:22 . Memory (MB): peak = 3311.227 ; gain = 154.914 ; free physical = 184 ; free virtual = 5711

Phase 5 Rip-up And Reroute

Phase 5.1 Global Iteration 0
 Number of Nodes with overlaps = 8
 Number of Nodes with overlaps = 0
INFO: [Route 35-416] Intermediate Timing Summary | WNS=4.536  | TNS=0.000  | WHS=N/A    | THS=N/A    |

Phase 5.1 Global Iteration 0 | Checksum: 215fcfde2

Time (s): cpu = 00:00:27 ; elapsed = 00:00:22 . Memory (MB): peak = 3311.227 ; gain = 154.914 ; free physical = 183 ; free virtual = 5710
Phase 5 Rip-up And Reroute | Checksum: 215fcfde2

Time (s): cpu = 00:00:27 ; elapsed = 00:00:22 . Memory (MB): peak = 3311.227 ; gain = 154.914 ; free physical = 183 ; free virtual = 5710

Phase 6 Delay and Skew Optimization

Phase 6.1 Delay CleanUp

Phase 6.1.1 Update Timing
Phase 6.1.1 Update Timing | Checksum: 23386cc44

Time (s): cpu = 00:00:27 ; elapsed = 00:00:22 . Memory (MB): peak = 3311.227 ; gain = 154.914 ; free physical = 183 ; free virtual = 5710
INFO: [Route 35-416] Intermediate Timing Summary | WNS=4.632  | TNS=0.000  | WHS=N/A    | THS=N/A    |

Phase 6.1 Delay CleanUp | Checksum: 23386cc44

Time (s): cpu = 00:00:27 ; elapsed = 00:00:22 . Memory (MB): peak = 3311.227 ; gain = 154.914 ; free physical = 183 ; free virtual = 5710

Phase 6.2 Clock Skew Optimization
Phase 6.2 Clock Skew Optimization | Checksum: 23386cc44

Time (s): cpu = 00:00:27 ; elapsed = 00:00:22 . Memory (MB): peak = 3311.227 ; gain = 154.914 ; free physical = 183 ; free virtual = 5710
Phase 6 Delay and Skew Optimization | Checksum: 23386cc44

Time (s): cpu = 00:00:27 ; elapsed = 00:00:22 . Memory (MB): peak = 3311.227 ; gain = 154.914 ; free physical = 183 ; free virtual = 5710

Phase 7 Post Hold Fix

Phase 7.1 Hold Fix Iter
INFO: [Route 35-416] Intermediate Timing Summary | WNS=4.632  | TNS=0.000  | WHS=0.149  | THS=0.000  |

Phase 7.1 Hold Fix Iter | Checksum: 2cd12d4bb

Time (s): cpu = 00:00:27 ; elapsed = 00:00:22 . Memory (MB): peak = 3311.227 ; gain = 154.914 ; free physical = 183 ; free virtual = 5710
Phase 7 Post Hold Fix | Checksum: 2cd12d4bb

Time (s): cpu = 00:00:27 ; elapsed = 00:00:22 . Memory (MB): peak = 3311.227 ; gain = 154.914 ; free physical = 183 ; free virtual = 5710

Phase 8 Route finalize

Router Utilization Summary
  Global Vertical Routing Utilization    = 0.0228054 %
  Global Horizontal Routing Utilization  = 0.0230889 %
  Routable Net Status*
  *Does not include unroutable nets such as driverless and loadless.
  Run report_route_status for detailed report.
  Number of Failed Nets               = 0
    (Failed Nets is the sum of unrouted and partially routed nets)
  Number of Unrouted Nets             = 0
  Number of Partially Routed Nets     = 0
  Number of Node Overlaps             = 0

Phase 8 Route finalize | Checksum: 2cd12d4bb

Time (s): cpu = 00:00:27 ; elapsed = 00:00:22 . Memory (MB): peak = 3311.227 ; gain = 154.914 ; free physical = 183 ; free virtual = 5710

Phase 9 Verifying routed nets

 Verification completed successfully
Phase 9 Verifying routed nets | Checksum: 2cd12d4bb

Time (s): cpu = 00:00:27 ; elapsed = 00:00:22 . Memory (MB): peak = 3311.227 ; gain = 154.914 ; free physical = 182 ; free virtual = 5709

Phase 10 Depositing Routes
Phase 10 Depositing Routes | Checksum: 3124551bd

Time (s): cpu = 00:00:27 ; elapsed = 00:00:22 . Memory (MB): peak = 3311.227 ; gain = 154.914 ; free physical = 182 ; free virtual = 5709

Phase 11 Post Process Routing
Phase 11 Post Process Routing | Checksum: 3124551bd

Time (s): cpu = 00:00:27 ; elapsed = 00:00:22 . Memory (MB): peak = 3311.227 ; gain = 154.914 ; free physical = 182 ; free virtual = 5709

Phase 12 Post Router Timing
INFO: [Route 35-57] Estimated Timing Summary | WNS=4.632  | TNS=0.000  | WHS=0.149  | THS=0.000  |

INFO: [Route 35-327] The final timing numbers are based on the router estimated timing analysis. For a complete and accurate timing signoff, please run report_timing_summary.
Phase 12 Post Router Timing | Checksum: 3124551bd

Time (s): cpu = 00:00:27 ; elapsed = 00:00:22 . Memory (MB): peak = 3311.227 ; gain = 154.914 ; free physical = 182 ; free virtual = 5709
Total Elapsed time in route_design: 22.18 secs

Phase 13 Post-Route Event Processing
Phase 13 Post-Route Event Processing | Checksum: 128b4d2e4

Time (s): cpu = 00:00:27 ; elapsed = 00:00:22 . Memory (MB): peak = 3311.227 ; gain = 154.914 ; free physical = 182 ; free virtual = 5709
INFO: [Route 35-16] Router Completed Successfully
Ending Routing Task | Checksum: 128b4d2e4

Time (s): cpu = 00:00:27 ; elapsed = 00:00:22 . Memory (MB): peak = 3311.227 ; gain = 154.914 ; free physical = 182 ; free virtual = 5709

Routing Is Done.
INFO: [Common 17-83] Releasing license: Implementation
88 Infos, 0 Warnings, 0 Critical Warnings and 0 Errors encountered.
route_design completed successfully
route_design: Time (s): cpu = 00:00:27 ; elapsed = 00:00:22 . Memory (MB): peak = 3311.227 ; gain = 154.914 ; free physical = 182 ; free virtual = 5709
INFO: [Vivado 12-24828] Executing command : report_drc -file pong3ds_drc_routed.rpt -pb pong3ds_drc_routed.pb -rpx pong3ds_drc_routed.rpx
Command: report_drc -file pong3ds_drc_routed.rpt -pb pong3ds_drc_routed.pb -rpx pong3ds_drc_routed.rpx
INFO: [IP_Flow 19-1839] IP Catalog is up to date.
INFO: [DRC 23-27] Running DRC with 8 threads
INFO: [Vivado_Tcl 2-168] The results of DRC are in file /home/inomal/projects/xilinx/pong-3ds/pong-3ds.runs/impl_1/pong3ds_drc_routed.rpt.
report_drc completed successfully
INFO: [Vivado 12-24828] Executing command : report_methodology -file pong3ds_methodology_drc_routed.rpt -pb pong3ds_methodology_drc_routed.pb -rpx pong3ds_methodology_drc_routed.rpx
Command: report_methodology -file pong3ds_methodology_drc_routed.rpt -pb pong3ds_methodology_drc_routed.pb -rpx pong3ds_methodology_drc_routed.rpx
INFO: [Timing 38-35] Done setting XDC timing constraints.
INFO: [DRC 23-133] Running Methodology with 8 threads
INFO: [Vivado_Tcl 2-1520] The results of Report Methodology are in file /home/inomal/projects/xilinx/pong-3ds/pong-3ds.runs/impl_1/pong3ds_methodology_drc_routed.rpt.
report_methodology completed successfully
INFO: [Vivado 12-24828] Executing command : report_timing_summary -max_paths 10 -report_unconstrained -file pong3ds_timing_summary_routed.rpt -pb pong3ds_timing_summary_routed.pb -rpx pong3ds_timing_summary_routed.rpx -warn_on_violation 
INFO: [Timing 38-35] Done setting XDC timing constraints.
INFO: [Timing 38-91] UpdateTimingParams: Speed grade: -1, Delay Type: min_max.
INFO: [Timing 38-191] Multithreading enabled for timing update using a maximum of 8 CPUs
INFO: [Vivado 12-24838] Running report commands "report_bus_skew, report_incremental_reuse, report_route_status" in parallel.
Running report generation with 3 threads.
INFO: [Vivado 12-24828] Executing command : report_route_status -file pong3ds_route_status.rpt -pb pong3ds_route_status.pb
INFO: [Vivado 12-24828] Executing command : report_incremental_reuse -file pong3ds_incremental_reuse_routed.rpt
INFO: [Vivado_Tcl 4-1062] Incremental flow is disabled. No incremental reuse Info to report.
INFO: [Vivado 12-24828] Executing command : report_bus_skew -warn_on_violation -file pong3ds_bus_skew_routed.rpt -pb pong3ds_bus_skew_routed.pb -rpx pong3ds_bus_skew_routed.rpx
INFO: [Timing 38-91] UpdateTimingParams: Speed grade: -1, Delay Type: min_max.
INFO: [Timing 38-191] Multithreading enabled for timing update using a maximum of 8 CPUs
INFO: [Vivado 12-24828] Executing command : report_power -file pong3ds_power_routed.rpt -pb pong3ds_power_summary_routed.pb -rpx pong3ds_power_routed.rpx
Command: report_power -file pong3ds_power_routed.rpt -pb pong3ds_power_summary_routed.pb -rpx pong3ds_power_routed.rpx
Running Vector-less Activity Propagation...

Finished Running Vector-less Activity Propagation
108 Infos, 0 Warnings, 0 Critical Warnings and 0 Errors encountered.
report_power completed successfully
INFO: [Vivado 12-24828] Executing command : report_clock_utilization -file pong3ds_clock_utilization_routed.rpt
INFO: [Timing 38-480] Writing timing data to binary archive.
Write ShapeDB Complete: Time (s): cpu = 00:00:00.01 ; elapsed = 00:00:00.01 . Memory (MB): peak = 3469.523 ; gain = 0.000 ; free physical = 157 ; free virtual = 5657
Wrote PlaceDB: Time (s): cpu = 00:00:00.05 ; elapsed = 00:00:00.02 . Memory (MB): peak = 3469.523 ; gain = 0.000 ; free physical = 157 ; free virtual = 5657
Wrote PulsedLatchDB: Time (s): cpu = 00:00:00 ; elapsed = 00:00:00 . Memory (MB): peak = 3469.523 ; gain = 0.000 ; free physical = 157 ; free virtual = 5657
Writing XDEF routing.
Writing XDEF routing logical nets.
Writing XDEF routing special nets.
Wrote RouteStorage: Time (s): cpu = 00:00:00.03 ; elapsed = 00:00:00.01 . Memory (MB): peak = 3469.523 ; gain = 0.000 ; free physical = 157 ; free virtual = 5658
Wrote Netlist Cache: Time (s): cpu = 00:00:00 ; elapsed = 00:00:00 . Memory (MB): peak = 3469.523 ; gain = 0.000 ; free physical = 157 ; free virtual = 5658
Wrote Device Cache: Time (s): cpu = 00:00:00.01 ; elapsed = 00:00:00.01 . Memory (MB): peak = 3469.523 ; gain = 0.000 ; free physical = 156 ; free virtual = 5657
Write Physdb Complete: Time (s): cpu = 00:00:00.09 ; elapsed = 00:00:00.04 . Memory (MB): peak = 3469.523 ; gain = 0.000 ; free physical = 156 ; free virtual = 5657
INFO: [Common 17-1381] The checkpoint '/home/inomal/projects/xilinx/pong-3ds/pong-3ds.runs/impl_1/pong3ds_routed.dcp' has been generated.
Command: write_bitstream -force pong3ds.bit
Attempting to get a license for feature 'Implementation' and/or device 'xc7a100t'
INFO: [Common 17-349] Got license for feature 'Implementation' and/or device 'xc7a100t'
Running DRC as a precondition to command write_bitstream
INFO: [IP_Flow 19-1839] IP Catalog is up to date.
INFO: [DRC 23-27] Running DRC with 8 threads
INFO: [Vivado 12-3199] DRC finished with 0 Errors
INFO: [Vivado 12-3200] Please refer to the DRC report (report_drc) for more information.
INFO: [Designutils 20-2272] Running write_bitstream with 8 threads.
Loading data files...
Loading site data...
Loading route data...
Processing options...
Creating bitmap...
Creating bitstream...
Writing bitstream ./pong3ds.bit...
INFO: [Vivado 12-1842] Bitgen Completed Successfully.
INFO: [Project 1-1876] WebTalk data collection is mandatory when using a ULT device. To see the specific WebTalk data collected for your design, open the usage_statistics_webtalk.html or usage_statistics_webtalk.xml file in the implementation directory.
INFO: [Common 17-83] Releasing license: Implementation
120 Infos, 0 Warnings, 0 Critical Warnings and 0 Errors encountered.
write_bitstream completed successfully
write_bitstream: Time (s): cpu = 00:00:18 ; elapsed = 00:00:18 . Memory (MB): peak = 3714.516 ; gain = 244.992 ; free physical = 317 ; free virtual = 5217
INFO: [Common 17-206] Exiting Vivado at Sat Dec 21 02:46:46 2024...
